<?xml version="1.0" encoding="UTF-8"?>
<testng-results ignored="0" total="5" passed="3" failed="2" skipped="0">
  <reporter-output>
  </reporter-output>
  <suite started-at="2025-08-13T19:12:34 IST" name="Default suite" finished-at="2025-08-13T19:12:35 IST" duration-ms="1105">
    <groups>
    </groups>
    <test started-at="2025-08-13T19:12:34 IST" name="Default test" finished-at="2025-08-13T19:12:35 IST" duration-ms="1105">
      <class name="apitestingsuite.ProductAPITesting">
        <test-method is-config="true" signature="setupReport()[pri:0, instance:apitestingsuite.ProductAPITesting@1835dc92]" started-at="2025-08-13T19:12:34 IST" name="setupReport" finished-at="2025-08-13T19:12:34 IST" duration-ms="95" status="PASS">
          <reporter-output>
          </reporter-output>
        </test-method> <!-- setupReport -->
        <test-method signature="viewProductbyId(org.json.JSONObject)[pri:0, instance:apitestingsuite.ProductAPITesting@1835dc92]" started-at="2025-08-13T19:12:34 IST" name="viewProductbyId" data-provider="testData" finished-at="2025-08-13T19:12:34 IST" duration-ms="216" status="PASS">
          <params>
            <param index="0">
              <value>
                <![CDATA[{"amount":15000,"name":"Mobile","id":1}]]>
              </value>
            </param>
          </params>
          <reporter-output>
          </reporter-output>
        </test-method> <!-- viewProductbyId -->
        <test-method signature="viewProductbyId(org.json.JSONObject)[pri:0, instance:apitestingsuite.ProductAPITesting@1835dc92]" started-at="2025-08-13T19:12:34 IST" name="viewProductbyId" data-provider="testData" finished-at="2025-08-13T19:12:35 IST" duration-ms="165" status="PASS">
          <params>
            <param index="0">
              <value>
                <![CDATA[{"amount":60000,"name":"Laptop","id":2}]]>
              </value>
            </param>
          </params>
          <reporter-output>
          </reporter-output>
        </test-method> <!-- viewProductbyId -->
        <test-method signature="viewProductbyId(org.json.JSONObject)[pri:0, instance:apitestingsuite.ProductAPITesting@1835dc92]" started-at="2025-08-13T19:12:35 IST" name="viewProductbyId" data-provider="testData" finished-at="2025-08-13T19:12:35 IST" duration-ms="157" status="PASS">
          <params>
            <param index="0">
              <value>
                <![CDATA[{"amount":40000,"name":"SmartTv","id":3}]]>
              </value>
            </param>
          </params>
          <reporter-output>
          </reporter-output>
        </test-method> <!-- viewProductbyId -->
        <test-method signature="viewProductbyId(org.json.JSONObject)[pri:0, instance:apitestingsuite.ProductAPITesting@1835dc92]" started-at="2025-08-13T19:12:35 IST" name="viewProductbyId" data-provider="testData" finished-at="2025-08-13T19:12:35 IST" duration-ms="148" status="FAIL">
          <params>
            <param index="0">
              <value>
                <![CDATA[{"amount":45000,"name":"TV","id":4}]]>
              </value>
            </param>
          </params>
          <exception class="java.lang.ClassCastException">
            <message>
              <![CDATA[class io.restassured.internal.RestAssuredResponseImpl cannot be cast to class io.restassured.specification.RequestSpecification (io.restassured.internal.RestAssuredResponseImpl and io.restassured.specification.RequestSpecification are in unnamed module of loader 'app')]]>
            </message>
            <full-stacktrace>
              <![CDATA[java.lang.ClassCastException: class io.restassured.internal.RestAssuredResponseImpl cannot be cast to class io.restassured.specification.RequestSpecification (io.restassured.internal.RestAssuredResponseImpl and io.restassured.specification.RequestSpecification are in unnamed module of loader 'app')
at apitestingsuite.ProductAPITesting.viewProductbyId(ProductAPITesting.java:136)
at java.base/jdk.internal.reflect.DirectMethodHandleAccessor.invoke(DirectMethodHandleAccessor.java:103)
at java.base/java.lang.reflect.Method.invoke(Method.java:580)
at org.testng.internal.invokers.MethodInvocationHelper.invokeMethod(MethodInvocationHelper.java:139)
at org.testng.internal.invokers.TestInvoker.invokeMethod(TestInvoker.java:664)
at org.testng.internal.invokers.TestInvoker.invokeTestMethod(TestInvoker.java:227)
at org.testng.internal.invokers.MethodRunner.runInSequence(MethodRunner.java:50)
at org.testng.internal.invokers.TestInvoker$MethodInvocationAgent.invoke(TestInvoker.java:957)
at org.testng.internal.invokers.TestInvoker.invokeTestMethods(TestInvoker.java:200)
at org.testng.internal.invokers.TestMethodWorker.invokeTestMethods(TestMethodWorker.java:148)
at org.testng.internal.invokers.TestMethodWorker.run(TestMethodWorker.java:128)
at java.base/java.util.ArrayList.forEach(ArrayList.java:1596)
at org.testng.TestRunner.privateRun(TestRunner.java:848)
at org.testng.TestRunner.run(TestRunner.java:621)
at org.testng.SuiteRunner.runTest(SuiteRunner.java:443)
at org.testng.SuiteRunner.runSequentially(SuiteRunner.java:437)
at org.testng.SuiteRunner.privateRun(SuiteRunner.java:397)
at org.testng.SuiteRunner.run(SuiteRunner.java:336)
at org.testng.SuiteRunnerWorker.runSuite(SuiteRunnerWorker.java:52)
at org.testng.SuiteRunnerWorker.run(SuiteRunnerWorker.java:95)
at org.testng.TestNG.runSuitesSequentially(TestNG.java:1280)
at org.testng.TestNG.runSuitesLocally(TestNG.java:1200)
at org.testng.TestNG.runSuites(TestNG.java:1114)
at org.testng.TestNG.run(TestNG.java:1082)
at org.testng.remote.AbstractRemoteTestNG.run(AbstractRemoteTestNG.java:115)
at org.testng.remote.RemoteTestNG.initAndRun(RemoteTestNG.java:293)
at org.testng.remote.RemoteTestNG.main(RemoteTestNG.java:91)
]]>
            </full-stacktrace>
          </exception> <!-- java.lang.ClassCastException -->
          <reporter-output>
          </reporter-output>
        </test-method> <!-- viewProductbyId -->
        <test-method signature="viewProductbyId(org.json.JSONObject)[pri:0, instance:apitestingsuite.ProductAPITesting@1835dc92]" started-at="2025-08-13T19:12:35 IST" name="viewProductbyId" data-provider="testData" finished-at="2025-08-13T19:12:35 IST" duration-ms="155" status="FAIL">
          <params>
            <param index="0">
              <value>
                <![CDATA[{"amount":3500,"name":"Headphone","id":5}]]>
              </value>
            </param>
          </params>
          <exception class="java.lang.ClassCastException">
            <message>
              <![CDATA[class io.restassured.internal.RestAssuredResponseImpl cannot be cast to class io.restassured.specification.RequestSpecification (io.restassured.internal.RestAssuredResponseImpl and io.restassured.specification.RequestSpecification are in unnamed module of loader 'app')]]>
            </message>
            <full-stacktrace>
              <![CDATA[java.lang.ClassCastException: class io.restassured.internal.RestAssuredResponseImpl cannot be cast to class io.restassured.specification.RequestSpecification (io.restassured.internal.RestAssuredResponseImpl and io.restassured.specification.RequestSpecification are in unnamed module of loader 'app')
at apitestingsuite.ProductAPITesting.viewProductbyId(ProductAPITesting.java:136)
at java.base/jdk.internal.reflect.DirectMethodHandleAccessor.invoke(DirectMethodHandleAccessor.java:103)
at java.base/java.lang.reflect.Method.invoke(Method.java:580)
at org.testng.internal.invokers.MethodInvocationHelper.invokeMethod(MethodInvocationHelper.java:139)
at org.testng.internal.invokers.TestInvoker.invokeMethod(TestInvoker.java:664)
at org.testng.internal.invokers.TestInvoker.invokeTestMethod(TestInvoker.java:227)
at org.testng.internal.invokers.MethodRunner.runInSequence(MethodRunner.java:50)
at org.testng.internal.invokers.TestInvoker$MethodInvocationAgent.invoke(TestInvoker.java:957)
at org.testng.internal.invokers.TestInvoker.invokeTestMethods(TestInvoker.java:200)
at org.testng.internal.invokers.TestMethodWorker.invokeTestMethods(TestMethodWorker.java:148)
at org.testng.internal.invokers.TestMethodWorker.run(TestMethodWorker.java:128)
at java.base/java.util.ArrayList.forEach(ArrayList.java:1596)
at org.testng.TestRunner.privateRun(TestRunner.java:848)
at org.testng.TestRunner.run(TestRunner.java:621)
at org.testng.SuiteRunner.runTest(SuiteRunner.java:443)
at org.testng.SuiteRunner.runSequentially(SuiteRunner.java:437)
at org.testng.SuiteRunner.privateRun(SuiteRunner.java:397)
at org.testng.SuiteRunner.run(SuiteRunner.java:336)
at org.testng.SuiteRunnerWorker.runSuite(SuiteRunnerWorker.java:52)
at org.testng.SuiteRunnerWorker.run(SuiteRunnerWorker.java:95)
at org.testng.TestNG.runSuitesSequentially(TestNG.java:1280)
at org.testng.TestNG.runSuitesLocally(TestNG.java:1200)
at org.testng.TestNG.runSuites(TestNG.java:1114)
at org.testng.TestNG.run(TestNG.java:1082)
at org.testng.remote.AbstractRemoteTestNG.run(AbstractRemoteTestNG.java:115)
at org.testng.remote.RemoteTestNG.initAndRun(RemoteTestNG.java:293)
at org.testng.remote.RemoteTestNG.main(RemoteTestNG.java:91)
]]>
            </full-stacktrace>
          </exception> <!-- java.lang.ClassCastException -->
          <reporter-output>
          </reporter-output>
        </test-method> <!-- viewProductbyId -->
        <test-method is-config="true" signature="tearDownReport()[pri:0, instance:apitestingsuite.ProductAPITesting@1835dc92]" started-at="2025-08-13T19:12:35 IST" name="tearDownReport" finished-at="2025-08-13T19:12:35 IST" duration-ms="139" status="PASS">
          <reporter-output>
          </reporter-output>
        </test-method> <!-- tearDownReport -->
      </class> <!-- apitestingsuite.ProductAPITesting -->
    </test> <!-- Default test -->
  </suite> <!-- Default suite -->
</testng-results>
